2022-05-27 01:35:35,996 : INFO : log_help : Successfully Added WeekDay Column to the DataFrame
2022-05-27 01:35:35,996 : INFO : log_help : Successfully Added WeekDay Column to the DataFrame
2022-05-27 01:35:41,874 : INFO : log_help : Successfully Added DaysToHoliday Column
2022-05-27 01:35:41,874 : INFO : log_help : Successfully Added DaysToHoliday Column
2022-05-27 01:35:45,618 : INFO : log_help : Successfully Added DaysAfterHoliday Column
2022-05-27 01:35:45,618 : INFO : log_help : Successfully Added DaysAfterHoliday Column
2022-05-27 01:35:47,407 : INFO : log_help : Successfully Added MonthTiming Column
2022-05-27 01:35:47,407 : INFO : log_help : Successfully Added MonthTiming Column
2022-05-27 01:36:50,393 : INFO : log_help : Successfully Added Season Column
2022-05-27 01:36:50,393 : INFO : log_help : Successfully Added Season Column
2022-05-27 03:23:30,516 : INFO : log_help : Successfully Added WeekDay Column to the DataFrame
2022-05-27 03:23:30,516 : INFO : log_help : Successfully Added WeekDay Column to the DataFrame
2022-05-27 03:23:32,777 : INFO : log_help : Successfully Added DaysToHoliday Column
2022-05-27 03:23:32,777 : INFO : log_help : Successfully Added DaysToHoliday Column
2022-05-27 03:23:34,647 : INFO : log_help : Successfully Added DaysAfterHoliday Column
2022-05-27 03:23:34,647 : INFO : log_help : Successfully Added DaysAfterHoliday Column
2022-05-27 03:23:36,128 : INFO : log_help : Successfully Added MonthTiming Column
2022-05-27 03:23:36,128 : INFO : log_help : Successfully Added MonthTiming Column
2022-05-27 03:23:46,769 : INFO : log_help : Successfully Added Season Column
2022-05-27 03:23:46,769 : INFO : log_help : Successfully Added Season Column
